2024.10.15 09:26:21 INFO  Started: Metals version 1.3.5 in folders '/Users/data1/Desktop/kraya/spark-streaming' for client Neovim 0.10.1.[0m
SLF4J(W): Class path contains multiple SLF4J providers.
SLF4J(W): Found provider [scribe.slf4j.ScribeServiceProvider@7b9f9aee]
SLF4J(W): Found provider [ch.qos.logback.classic.spi.LogbackServiceProvider@5ae4a428]
SLF4J(W): See https://www.slf4j.org/codes.html#multiple_bindings for an explanation.
SLF4J(I): Actual provider is of type [scribe.slf4j.ScribeServiceProvider@7b9f9aee]
2024.10.15 09:26:21 WARN  Flyway upgrade recommended: H2 2.3.230 is newer than this version of Flyway and support has not been tested. The latest supported version of H2 is 2.2.220.[0m
2024.10.15 09:27:07 INFO  no build target found for /Users/data1/Desktop/kraya/spark-streaming/src/main/scala/sparkTest.scala. Using presentation compiler with project's scala-library version: 3.3.3[0m
2024.10.15 09:27:08 INFO  running '/Users/data1/Library/Application Support/Coursier/bin/sbt -Dbloop.export-jar-classifiers=sources bloopInstall'[0m
2024.10.15 09:27:09 INFO  no build target found for /Users/data1/Desktop/kraya/spark-streaming/src/main/scala/sparkTest.scala. Using presentation compiler with project's scala-library version: 3.3.3[0m
2024.10.15 09:27:09 INFO  no build target found for /Users/data1/Desktop/kraya/spark-streaming/src/main/scala/sparkTest.scala. Using presentation compiler with project's scala-library version: 3.3.3[0m
2024.10.15 09:27:09 INFO  no build target found for /Users/data1/Desktop/kraya/spark-streaming/src/main/scala/sparkTest.scala. Using presentation compiler with project's scala-library version: 3.3.3[0m
2024.10.15 09:27:09 INFO  no build target found for /Users/data1/Desktop/kraya/spark-streaming/src/main/scala/sparkTest.scala. Using presentation compiler with project's scala-library version: 3.3.3[0m
2024.10.15 09:27:09 INFO  no build target found for /Users/data1/Desktop/kraya/spark-streaming/src/main/scala/sparkTest.scala. Using presentation compiler with project's scala-library version: 3.3.3[0m
2024.10.15 09:27:09 INFO  no build target found for /Users/data1/Desktop/kraya/spark-streaming/src/main/scala/sparkTest.scala. Using presentation compiler with project's scala-library version: 3.3.3[0m
Oct 15, 2024 9:27:10 AM org.eclipse.lsp4j.jsonrpc.RemoteEndpoint handleCancellation
WARNING: Unmatched cancel notification for request id 13
2024.10.15 09:27:09 INFO  no build target found for /Users/data1/Desktop/kraya/spark-streaming/src/main/scala/sparkTest.scala. Using presentation compiler with project's scala-library version: 3.3.3[0m
2024.10.15 09:27:09 INFO  no build target found for /Users/data1/Desktop/kraya/spark-streaming/src/main/scala/sparkTest.scala. Using presentation compiler with project's scala-library version: 3.3.3[0m
2024.10.15 09:27:09 INFO  no build target found for /Users/data1/Desktop/kraya/spark-streaming/src/main/scala/sparkTest.scala. Using presentation compiler with project's scala-library version: 3.3.3[0m
2024.10.15 09:27:10 INFO  no build target found for /Users/data1/Desktop/kraya/spark-streaming/src/main/scala/sparkTest.scala. Using presentation compiler with project's scala-library version: 3.3.3[0m
2024.10.15 09:27:10 INFO  no build target found for /Users/data1/Desktop/kraya/spark-streaming/src/main/scala/sparkTest.scala. Using presentation compiler with project's scala-library version: 3.3.3[0m
2024.10.15 09:27:10 INFO  no build target found for /Users/data1/Desktop/kraya/spark-streaming/src/main/scala/sparkTest.scala. Using presentation compiler with project's scala-library version: 3.3.3[0m
2024.10.15 09:27:10 INFO  no build target found for /Users/data1/Desktop/kraya/spark-streaming/src/main/scala/sparkTest.scala. Using presentation compiler with project's scala-library version: 3.3.3[0m
2024.10.15 09:27:10 INFO  no build target found for /Users/data1/Desktop/kraya/spark-streaming/src/main/scala/sparkTest.scala. Using presentation compiler with project's scala-library version: 3.3.3[0m
2024.10.15 09:27:10 INFO  no build target found for /Users/data1/Desktop/kraya/spark-streaming/src/main/scala/sparkTest.scala. Using presentation compiler with project's scala-library version: 3.3.3[0m
Oct 15, 2024 9:27:11 AM org.eclipse.lsp4j.jsonrpc.RemoteEndpoint handleCancellation
WARNING: Unmatched cancel notification for request id 24
2024.10.15 09:27:10 INFO  no build target found for /Users/data1/Desktop/kraya/spark-streaming/src/main/scala/sparkTest.scala. Using presentation compiler with project's scala-library version: 3.3.3[0m
2024.10.15 09:27:10 INFO  no build target found for /Users/data1/Desktop/kraya/spark-streaming/src/main/scala/sparkTest.scala. Using presentation compiler with project's scala-library version: 3.3.3[0m
2024.10.15 09:27:10 INFO  no build target found for /Users/data1/Desktop/kraya/spark-streaming/src/main/scala/sparkTest.scala. Using presentation compiler with project's scala-library version: 3.3.3[0m
2024.10.15 09:27:10 INFO  no build target found for /Users/data1/Desktop/kraya/spark-streaming/src/main/scala/sparkTest.scala. Using presentation compiler with project's scala-library version: 3.3.3[0m
2024.10.15 09:27:11 INFO  no build target found for /Users/data1/Desktop/kraya/spark-streaming/src/main/scala/sparkTest.scala. Using presentation compiler with project's scala-library version: 3.3.3[0m
2024.10.15 09:27:11 INFO  no build target found for /Users/data1/Desktop/kraya/spark-streaming/src/main/scala/sparkTest.scala. Using presentation compiler with project's scala-library version: 3.3.3[0m
2024.10.15 09:27:11 INFO  no build target found for /Users/data1/Desktop/kraya/spark-streaming/src/main/scala/sparkTest.scala. Using presentation compiler with project's scala-library version: 3.3.3[0m
2024.10.15 09:27:11 INFO  no build target found for /Users/data1/Desktop/kraya/spark-streaming/src/main/scala/sparkTest.scala. Using presentation compiler with project's scala-library version: 3.3.3[0m
2024.10.15 09:27:12 INFO  no build target found for /Users/data1/Desktop/kraya/spark-streaming/src/main/scala/sparkTest.scala. Using presentation compiler with project's scala-library version: 3.3.3[0m
2024.10.15 09:27:12 INFO  no build target found for /Users/data1/Desktop/kraya/spark-streaming/src/main/scala/sparkTest.scala. Using presentation compiler with project's scala-library version: 3.3.3[0m
Oct 15, 2024 9:27:13 AM org.eclipse.lsp4j.jsonrpc.RemoteEndpoint handleCancellation
WARNING: Unmatched cancel notification for request id 37
2024.10.15 09:27:12 INFO  no build target found for /Users/data1/Desktop/kraya/spark-streaming/src/main/scala/sparkTest.scala. Using presentation compiler with project's scala-library version: 3.3.3[0m
2024.10.15 09:27:13 INFO  no build target found for /Users/data1/Desktop/kraya/spark-streaming/src/main/scala/sparkTest.scala. Using presentation compiler with project's scala-library version: 3.3.3[0m
2024.10.15 09:27:13 INFO  no build target found for /Users/data1/Desktop/kraya/spark-streaming/src/main/scala/sparkTest.scala. Using presentation compiler with project's scala-library version: 3.3.3[0m
2024.10.15 09:27:13 INFO  no build target found for /Users/data1/Desktop/kraya/spark-streaming/src/main/scala/sparkTest.scala. Using presentation compiler with project's scala-library version: 3.3.3[0m
2024.10.15 09:27:13 INFO  no build target found for /Users/data1/Desktop/kraya/spark-streaming/src/main/scala/sparkTest.scala. Using presentation compiler with project's scala-library version: 3.3.3[0m
2024.10.15 09:27:13 INFO  no build target found for /Users/data1/Desktop/kraya/spark-streaming/src/main/scala/sparkTest.scala. Using presentation compiler with project's scala-library version: 3.3.3[0m
2024.10.15 09:27:13 INFO  no build target found for /Users/data1/Desktop/kraya/spark-streaming/src/main/scala/sparkTest.scala. Using presentation compiler with project's scala-library version: 3.3.3[0m
2024.10.15 09:27:13 INFO  no build target found for /Users/data1/Desktop/kraya/spark-streaming/src/main/scala/sparkTest.scala. Using presentation compiler with project's scala-library version: 3.3.3[0m
2024.10.15 09:27:13 INFO  no build target found for /Users/data1/Desktop/kraya/spark-streaming/src/main/scala/sparkTest.scala. Using presentation compiler with project's scala-library version: 3.3.3[0m
2024.10.15 09:27:13 INFO  no build target found for /Users/data1/Desktop/kraya/spark-streaming/src/main/scala/sparkTest.scala. Using presentation compiler with project's scala-library version: 3.3.3[0m
2024.10.15 09:27:13 INFO  no build target found for /Users/data1/Desktop/kraya/spark-streaming/src/main/scala/sparkTest.scala. Using presentation compiler with project's scala-library version: 3.3.3[0m
2024.10.15 09:27:13 INFO  no build target found for /Users/data1/Desktop/kraya/spark-streaming/src/main/scala/sparkTest.scala. Using presentation compiler with project's scala-library version: 3.3.3[0m
2024.10.15 09:27:13 INFO  no build target found for /Users/data1/Desktop/kraya/spark-streaming/src/main/scala/sparkTest.scala. Using presentation compiler with project's scala-library version: 3.3.3[0m
2024.10.15 09:27:13 INFO  no build target found for /Users/data1/Desktop/kraya/spark-streaming/src/main/scala/sparkTest.scala. Using presentation compiler with project's scala-library version: 3.3.3[0m
2024.10.15 09:27:14 INFO  [info] welcome to sbt 1.10.2 (Homebrew Java 11.0.24)[0m
2024.10.15 09:27:13 INFO  no build target found for /Users/data1/Desktop/kraya/spark-streaming/src/main/scala/sparkTest.scala. Using presentation compiler with project's scala-library version: 3.3.3[0m
2024.10.15 09:27:13 INFO  no build target found for /Users/data1/Desktop/kraya/spark-streaming/src/main/scala/sparkTest.scala. Using presentation compiler with project's scala-library version: 3.3.3[0m
2024.10.15 09:27:13 INFO  no build target found for /Users/data1/Desktop/kraya/spark-streaming/src/main/scala/sparkTest.scala. Using presentation compiler with project's scala-library version: 3.3.3[0m
2024.10.15 09:27:13 INFO  no build target found for /Users/data1/Desktop/kraya/spark-streaming/src/main/scala/sparkTest.scala. Using presentation compiler with project's scala-library version: 3.3.3[0m
2024.10.15 09:27:13 INFO  no build target found for /Users/data1/Desktop/kraya/spark-streaming/src/main/scala/sparkTest.scala. Using presentation compiler with project's scala-library version: 3.3.3[0m
2024.10.15 09:27:13 INFO  no build target found for /Users/data1/Desktop/kraya/spark-streaming/src/main/scala/sparkTest.scala. Using presentation compiler with project's scala-library version: 3.3.3[0m
2024.10.15 09:27:13 INFO  no build target found for /Users/data1/Desktop/kraya/spark-streaming/src/main/scala/sparkTest.scala. Using presentation compiler with project's scala-library version: 3.3.3[0m
2024.10.15 09:27:13 INFO  no build target found for /Users/data1/Desktop/kraya/spark-streaming/src/main/scala/sparkTest.scala. Using presentation compiler with project's scala-library version: 3.3.3[0m
2024.10.15 09:27:13 INFO  no build target found for /Users/data1/Desktop/kraya/spark-streaming/src/main/scala/sparkTest.scala. Using presentation compiler with project's scala-library version: 3.3.3[0m
2024.10.15 09:27:13 INFO  no build target found for /Users/data1/Desktop/kraya/spark-streaming/src/main/scala/sparkTest.scala. Using presentation compiler with project's scala-library version: 3.3.3[0m
2024.10.15 09:27:13 INFO  no build target found for /Users/data1/Desktop/kraya/spark-streaming/src/main/scala/sparkTest.scala. Using presentation compiler with project's scala-library version: 3.3.3[0m
2024.10.15 09:27:13 INFO  no build target found for /Users/data1/Desktop/kraya/spark-streaming/src/main/scala/sparkTest.scala. Using presentation compiler with project's scala-library version: 3.3.3[0m
2024.10.15 09:27:13 INFO  no build target found for /Users/data1/Desktop/kraya/spark-streaming/src/main/scala/sparkTest.scala. Using presentation compiler with project's scala-library version: 3.3.3[0m
2024.10.15 09:27:13 INFO  no build target found for /Users/data1/Desktop/kraya/spark-streaming/src/main/scala/sparkTest.scala. Using presentation compiler with project's scala-library version: 3.3.3[0m
2024.10.15 09:27:13 INFO  no build target found for /Users/data1/Desktop/kraya/spark-streaming/src/main/scala/sparkTest.scala. Using presentation compiler with project's scala-library version: 3.3.3[0m
2024.10.15 09:27:13 INFO  no build target found for /Users/data1/Desktop/kraya/spark-streaming/src/main/scala/sparkTest.scala. Using presentation compiler with project's scala-library version: 3.3.3[0m
2024.10.15 09:27:13 INFO  no build target found for /Users/data1/Desktop/kraya/spark-streaming/src/main/scala/sparkTest.scala. Using presentation compiler with project's scala-library version: 3.3.3[0m
2024.10.15 09:27:14 INFO  no build target found for /Users/data1/Desktop/kraya/spark-streaming/src/main/scala/sparkTest.scala. Using presentation compiler with project's scala-library version: 3.3.3[0m
2024.10.15 09:27:14 INFO  no build target found for /Users/data1/Desktop/kraya/spark-streaming/src/main/scala/sparkTest.scala. Using presentation compiler with project's scala-library version: 3.3.3[0m
2024.10.15 09:27:14 INFO  [info] loading settings for project spark-streaming-build-build from metals.sbt ...[0m
2024.10.15 09:27:14 INFO  no build target found for /Users/data1/Desktop/kraya/spark-streaming/src/main/scala/sparkTest.scala. Using presentation compiler with project's scala-library version: 3.3.3[0m
2024.10.15 09:27:14 INFO  no build target found for /Users/data1/Desktop/kraya/spark-streaming/src/main/scala/sparkTest.scala. Using presentation compiler with project's scala-library version: 3.3.3[0m
2024.10.15 09:27:14 INFO  no build target found for /Users/data1/Desktop/kraya/spark-streaming/src/main/scala/sparkTest.scala. Using presentation compiler with project's scala-library version: 3.3.3[0m
2024.10.15 09:27:14 INFO  no build target found for /Users/data1/Desktop/kraya/spark-streaming/src/main/scala/sparkTest.scala. Using presentation compiler with project's scala-library version: 3.3.3[0m
2024.10.15 09:27:14 INFO  no build target found for /Users/data1/Desktop/kraya/spark-streaming/src/main/scala/sparkTest.scala. Using presentation compiler with project's scala-library version: 3.3.3[0m
2024.10.15 09:27:15 INFO  [info] loading project definition from /Users/data1/Desktop/kraya/spark-streaming/project/project[0m
2024.10.15 09:27:14 INFO  no build target found for /Users/data1/Desktop/kraya/spark-streaming/src/main/scala/sparkTest.scala. Using presentation compiler with project's scala-library version: 3.3.3[0m
2024.10.15 09:27:14 INFO  no build target found for /Users/data1/Desktop/kraya/spark-streaming/src/main/scala/sparkTest.scala. Using presentation compiler with project's scala-library version: 3.3.3[0m
2024.10.15 09:27:15 INFO  [info] loading settings for project spark-streaming-build from metals.sbt ...[0m
2024.10.15 09:27:15 INFO  [info] loading project definition from /Users/data1/Desktop/kraya/spark-streaming/project[0m
2024.10.15 09:27:16 INFO  no build target found for /Users/data1/Desktop/kraya/spark-streaming/src/main/scala/sparkTest.scala. Using presentation compiler with project's scala-library version: 3.3.3[0m
2024.10.15 09:27:16 INFO  no build target found for /Users/data1/Desktop/kraya/spark-streaming/src/main/scala/sparkTest.scala. Using presentation compiler with project's scala-library version: 3.3.3[0m
Oct 15, 2024 9:27:16 AM org.eclipse.lsp4j.jsonrpc.RemoteEndpoint handleCancellation
WARNING: Unmatched cancel notification for request id 80
2024.10.15 09:27:16 INFO  no build target found for /Users/data1/Desktop/kraya/spark-streaming/src/main/scala/sparkTest.scala. Using presentation compiler with project's scala-library version: 3.3.3[0m
2024.10.15 09:27:16 INFO  no build target found for /Users/data1/Desktop/kraya/spark-streaming/src/main/scala/sparkTest.scala. Using presentation compiler with project's scala-library version: 3.3.3[0m
2024.10.15 09:27:16 INFO  no build target found for /Users/data1/Desktop/kraya/spark-streaming/src/main/scala/sparkTest.scala. Using presentation compiler with project's scala-library version: 3.3.3[0m
2024.10.15 09:27:16 INFO  [success] Generated .bloop/spark-streaming-build.json[0m
2024.10.15 09:27:16 INFO  [success] Total time: 1 s, completed Oct 15, 2024, 9:27:16 AM[0m
2024.10.15 09:27:16 INFO  [info] loading settings for project spark-streaming from build.sbt ...[0m
2024.10.15 09:27:16 INFO  [info] set current project to Spark test (in build file:/Users/data1/Desktop/kraya/spark-streaming/)[0m
2024.10.15 09:27:16 INFO  no build target found for /Users/data1/Desktop/kraya/spark-streaming/src/main/scala/sparkTest.scala. Using presentation compiler with project's scala-library version: 3.3.3[0m
2024.10.15 09:27:16 INFO  no build target found for /Users/data1/Desktop/kraya/spark-streaming/src/main/scala/sparkTest.scala. Using presentation compiler with project's scala-library version: 3.3.3[0m
2024.10.15 09:27:16 INFO  no build target found for /Users/data1/Desktop/kraya/spark-streaming/src/main/scala/sparkTest.scala. Using presentation compiler with project's scala-library version: 3.3.3[0m
2024.10.15 09:27:17 INFO  no build target found for /Users/data1/Desktop/kraya/spark-streaming/src/main/scala/sparkTest.scala. Using presentation compiler with project's scala-library version: 3.3.3[0m
2024.10.15 09:27:17 INFO  no build target found for /Users/data1/Desktop/kraya/spark-streaming/src/main/scala/sparkTest.scala. Using presentation compiler with project's scala-library version: 3.3.3[0m
2024.10.15 09:27:17 INFO  no build target found for /Users/data1/Desktop/kraya/spark-streaming/src/main/scala/sparkTest.scala. Using presentation compiler with project's scala-library version: 3.3.3[0m
2024.10.15 09:27:17 INFO  no build target found for /Users/data1/Desktop/kraya/spark-streaming/src/main/scala/sparkTest.scala. Using presentation compiler with project's scala-library version: 3.3.3[0m
2024.10.15 09:27:17 INFO  no build target found for /Users/data1/Desktop/kraya/spark-streaming/src/main/scala/sparkTest.scala. Using presentation compiler with project's scala-library version: 3.3.3[0m
2024.10.15 09:27:17 INFO  no build target found for /Users/data1/Desktop/kraya/spark-streaming/src/main/scala/sparkTest.scala. Using presentation compiler with project's scala-library version: 3.3.3[0m
2024.10.15 09:27:17 INFO  [success] Generated .bloop/spark-streaming.json[0m
2024.10.15 09:27:17 INFO  [success] Generated .bloop/spark-streaming-test.json[0m
2024.10.15 09:27:17 INFO  [success] Total time: 1 s, completed Oct 15, 2024, 9:27:17 AM[0m
2024.10.15 09:27:17 INFO  time: ran 'sbt bloopInstall' in 9.71s[0m
2024.10.15 09:27:17 INFO  Attempting to connect to the build server...[0m
2024.10.15 09:27:17 INFO  tracing is disabled for protocol BSP, to enable tracing of incoming and outgoing JSON messages create an empty file at /Users/data1/Desktop/kraya/spark-streaming/.metals/bsp.trace.json or /Users/data1/Library/Caches/org.scalameta.metals/bsp.trace.json[0m
2024.10.15 09:27:17 INFO  Attempting to connect to the build server...[0m
2024.10.15 09:27:17 INFO  tracing is disabled for protocol BSP, to enable tracing of incoming and outgoing JSON messages create an empty file at /Users/data1/Desktop/kraya/spark-streaming/project/.metals/bsp.trace.json or /Users/data1/Library/Caches/org.scalameta.metals/bsp.trace.json[0m
2024.10.15 09:27:17 INFO  time: Connected to build server in 0.31s[0m
2024.10.15 09:27:17 INFO  Connected to Build server: Bloop v1.6.0[0m
2024.10.15 09:27:18 INFO  running doctor check[0m
2024.10.15 09:27:18 INFO  java targets: spark-streaming, spark-streaming-build, spark-streaming-test[0m
2024.10.15 09:27:18 WARN  Unable to run doctor. Make sure `isHttpEnabled` is set to `true`.[0m
Oct 15, 2024 9:27:20 AM org.eclipse.lsp4j.jsonrpc.RemoteEndpoint handleCancellation
WARNING: Unmatched cancel notification for request id 113
Oct 15, 2024 9:27:20 AM scala.meta.internal.pc.CompilerAccess retryWithCleanCompiler
INFO: compiler crashed due to an error in the Scala compiler, retrying with new compiler instance.
2024.10.15 09:27:23 INFO  compiling spark-streaming (1 scala source)[0m
2024.10.15 09:27:23 INFO  time: compiled spark-streaming in 0.64s[0m
2024.10.15 09:27:25 WARN  Flyway upgrade recommended: H2 2.3.230 is newer than this version of Flyway and support has not been tested. The latest supported version of H2 is 2.2.220.[0m
2024.10.15 09:27:27 INFO  Shutting down server[0m
2024.10.15 09:27:27 INFO  shutting down Metals[0m
2024.10.15 09:27:27 INFO  Shut down connection with build server.[0m
2024.10.15 09:27:27 INFO  Shut down connection with build server.[0m
